<?xml version="1.0" encoding="UTF-8"?><testsuite errors="1" failures="0" name="Registro de nuevo usuario en Utest" skipped="0" tests="1" time="171.91" timestamp="2022-08-05 03:16:01"><testcase name="Registro de Jose en plataforma Utest"><error message="Arity mismatch: Step Definition 'co.com.jose.stepdefinitions.StepDefinitions.finalizaElRegistroAlCompletarLosFormularios(UtestInformation&gt;) in file:/E:/nuevaprueba/build/classes/java/test/' with pattern [^Finaliza el registro al completar los formularios$] is declared with 1 parameters. However, the gherkin step has 0 arguments []. &#10;Step text: Finaliza el registro al completar los formularios" type="cucumber.runtime.CucumberException">Arity mismatch: Step Definition 'co.com.jose.stepdefinitions.StepDefinitions.finalizaElRegistroAlCompletarLosFormularios(UtestInformation&gt;) in file:/E:/nuevaprueba/build/classes/java/test/' with pattern [^Finaliza el registro al completar los formularios$] is declared with 1 parameters. However, the gherkin step has 0 arguments []. 
Step text: Finaliza el registro al completar los formularios</error><system-err>Arity mismatch: Step Definition 'co.com.jose.stepdefinitions.StepDefinitions.finalizaElRegistroAlCompletarLosFormularios(UtestInformation&gt;) in file:/E:/nuevaprueba/build/classes/java/test/' with pattern [^Finaliza el registro al completar los formularios$] is declared with 1 parameters. However, the gherkin step has 0 arguments []. 
Step text: Finaliza el registro al completar los formularios&#13;
cucumber.runner.Runner.runPickle(Runner.java:80)&#13;
</system-err></testcase></testsuite>